<?xml version="1.0" encoding="UTF-8"?>
<!-- Generated by org.testng.reporters.JUnitReportReporter -->
<testsuite hostname="SVROLP04015" failures="0" tests="1" name="testCases.HomePageTest" time="2.070" errors="0" timestamp="2024-10-09T11:04:03 EEST" skipped="0">
  <testcase classname="testCases.HomePageTest" name="isSelectDisplayed" time="2.070"/>
</testsuite> <!-- testCases.HomePageTest -->
