<?xml version="1.0" encoding="UTF-8"?>
<!-- Generated by org.testng.reporters.JUnitReportReporter -->
<testsuite hostname="SVROLP04015" failures="0" tests="1" name="testCases.HomePageTest" time="0.073" errors="0" timestamp="2024-10-09T10:06:14 EEST" skipped="0">
  <testcase classname="testCases.HomePageTest" name="isSelectDisplayed" time="0.073"/>
</testsuite> <!-- testCases.HomePageTest -->
