<?xml version="1.0" encoding="UTF-8"?>
<!-- Generated by org.testng.reporters.JUnitReportReporter -->
<testsuite hostname="SVROLP04015" failures="0" tests="3" name="testCases.HomePageTest" time="6.190" errors="0" timestamp="2024-10-09T10:25:27 EEST" skipped="0">
  <testcase classname="testCases.HomePageTest" name="isSelectDisplayed" time="2.077"/>
  <testcase classname="testCases.HomePageTest" name="isSelectDisplayed" time="2.046"/>
  <testcase classname="testCases.HomePageTest" name="isSelectDisplayed" time="2.067"/>
</testsuite> <!-- testCases.HomePageTest -->
