<?xml version="1.0" encoding="UTF-8"?>
<!-- Generated by org.testng.reporters.JUnitReportReporter -->
<testsuite hostname="SVROLP04015" failures="0" tests="1" name="testCases.HomePageTest" time="0.074" errors="0" timestamp="2024-10-09T10:13:52 EEST" skipped="0">
  <testcase classname="testCases.HomePageTest" name="isSelectDisplayed" time="0.074"/>
</testsuite> <!-- testCases.HomePageTest -->
